<?xml version="1.0" encoding="UTF-8"?>
<testng-results ignored="0" total="1" passed="1" failed="0" skipped="0">
  <reporter-output>
  </reporter-output>
  <suite started-at="2024-10-05T22:50:12 IST" name="Default suite" finished-at="2024-10-05T22:50:30 IST" duration-ms="17875">
    <groups>
    </groups>
    <test started-at="2024-10-05T22:50:12 IST" name="Default test" finished-at="2024-10-05T22:50:30 IST" duration-ms="17875">
      <class name="loginvalidation.Locators">
        <test-method is-config="true" signature="setUp()[pri:0, instance:loginvalidation.Locators@41a2befb]" started-at="2024-10-05T22:50:12 IST" name="setUp" finished-at="2024-10-05T22:50:15 IST" duration-ms="2406" status="PASS">
          <reporter-output>
          </reporter-output>
        </test-method> <!-- setUp -->
        <test-method signature="Locators()[pri:1, instance:loginvalidation.Locators@41a2befb]" started-at="2024-10-05T22:50:15 IST" name="Locators" finished-at="2024-10-05T22:50:30 IST" duration-ms="15363" status="PASS">
          <reporter-output>
          </reporter-output>
        </test-method> <!-- Locators -->
      </class> <!-- loginvalidation.Locators -->
    </test> <!-- Default test -->
  </suite> <!-- Default suite -->
</testng-results>
